<?xml version="1.0" encoding="UTF-8"?>
<testsuite xmlns:xsi="http://www.w3.org/2001/XMLSchema-instance" xsi:noNamespaceSchemaLocation="https://maven.apache.org/surefire/maven-surefire-plugin/xsd/surefire-test-report-3.0.xsd" version="3.0" name="TestSuite" time="1.788" tests="2" errors="0" skipped="0" failures="1">
  <properties>
    <property name="sun.desktop" value="windows"/>
    <property name="awt.toolkit" value="sun.awt.windows.WToolkit"/>
    <property name="file.encoding.pkg" value="sun.io"/>
    <property name="java.specification.version" value="1.8"/>
    <property name="sun.cpu.isalist" value="amd64"/>
    <property name="sun.jnu.encoding" value="Cp1252"/>
    <property name="java.class.path" value="D:\Eclipse Projects\Automation\JiraAPI\target\test-classes;D:\Eclipse Projects\Automation\JiraAPI\target\classes;C:\Users\Rishav Shrivastava\.m2\repository\org\hamcrest\hamcrest-all\1.3\hamcrest-all-1.3.jar;C:\Users\Rishav Shrivastava\.m2\repository\org\mockito\mockito-all\1.9.5\mockito-all-1.9.5.jar;C:\Users\Rishav Shrivastava\.m2\repository\junit\junit\4.11\junit-4.11.jar;C:\Users\Rishav Shrivastava\.m2\repository\org\hamcrest\hamcrest-core\1.3\hamcrest-core-1.3.jar;C:\Users\Rishav Shrivastava\.m2\repository\com\googlecode\json-simple\json-simple\1.1.1\json-simple-1.1.1.jar;C:\Users\Rishav Shrivastava\.m2\repository\org\testng\testng\7.1.0\testng-7.1.0.jar;C:\Users\Rishav Shrivastava\.m2\repository\com\beust\jcommander\1.72\jcommander-1.72.jar;C:\Users\Rishav Shrivastava\.m2\repository\com\google\inject\guice\4.1.0\guice-4.1.0-no_aop.jar;C:\Users\Rishav Shrivastava\.m2\repository\javax\inject\javax.inject\1\javax.inject-1.jar;C:\Users\Rishav Shrivastava\.m2\repository\aopalliance\aopalliance\1.0\aopalliance-1.0.jar;C:\Users\Rishav Shrivastava\.m2\repository\com\google\guava\guava\19.0\guava-19.0.jar;C:\Users\Rishav Shrivastava\.m2\repository\org\yaml\snakeyaml\1.21\snakeyaml-1.21.jar;C:\Users\Rishav Shrivastava\.m2\repository\io\rest-assured\rest-assured\3.3.0\rest-assured-3.3.0.jar;C:\Users\Rishav Shrivastava\.m2\repository\org\codehaus\groovy\groovy\2.4.15\groovy-2.4.15.jar;C:\Users\Rishav Shrivastava\.m2\repository\org\codehaus\groovy\groovy-xml\2.4.15\groovy-xml-2.4.15.jar;C:\Users\Rishav Shrivastava\.m2\repository\org\apache\httpcomponents\httpclient\4.5.3\httpclient-4.5.3.jar;C:\Users\Rishav Shrivastava\.m2\repository\org\apache\httpcomponents\httpcore\4.4.6\httpcore-4.4.6.jar;C:\Users\Rishav Shrivastava\.m2\repository\commons-logging\commons-logging\1.2\commons-logging-1.2.jar;C:\Users\Rishav Shrivastava\.m2\repository\commons-codec\commons-codec\1.9\commons-codec-1.9.jar;C:\Users\Rishav Shrivastava\.m2\repository\org\apache\httpcomponents\httpmime\4.5.3\httpmime-4.5.3.jar;C:\Users\Rishav Shrivastava\.m2\repository\org\hamcrest\hamcrest-library\1.3\hamcrest-library-1.3.jar;C:\Users\Rishav Shrivastava\.m2\repository\org\ccil\cowan\tagsoup\tagsoup\1.2.1\tagsoup-1.2.1.jar;C:\Users\Rishav Shrivastava\.m2\repository\io\rest-assured\xml-path\3.3.0\xml-path-3.3.0.jar;C:\Users\Rishav Shrivastava\.m2\repository\org\apache\commons\commons-lang3\3.4\commons-lang3-3.4.jar;C:\Users\Rishav Shrivastava\.m2\repository\javax\xml\bind\jaxb-api\2.2.12\jaxb-api-2.2.12.jar;C:\Users\Rishav Shrivastava\.m2\repository\com\sun\xml\bind\jaxb-osgi\2.2.10\jaxb-osgi-2.2.10.jar;C:\Users\Rishav Shrivastava\.m2\repository\org\apache\sling\org.apache.sling.javax.activation\0.1.0\org.apache.sling.javax.activation-0.1.0.jar;C:\Users\Rishav Shrivastava\.m2\repository\javax\activation\activation\1.1.1\activation-1.1.1.jar;C:\Users\Rishav Shrivastava\.m2\repository\io\rest-assured\json-path\4.1.0\json-path-4.1.0.jar;C:\Users\Rishav Shrivastava\.m2\repository\org\codehaus\groovy\groovy-json\2.5.6\groovy-json-2.5.6.jar;C:\Users\Rishav Shrivastava\.m2\repository\io\rest-assured\rest-assured-common\4.1.0\rest-assured-common-4.1.0.jar;C:\Users\Rishav Shrivastava\.m2\repository\io\rest-assured\json-schema-validator\4.2.0\json-schema-validator-4.2.0.jar;C:\Users\Rishav Shrivastava\.m2\repository\com\github\java-json-tools\json-schema-validator\2.2.10\json-schema-validator-2.2.10.jar;C:\Users\Rishav Shrivastava\.m2\repository\com\github\java-json-tools\json-schema-core\1.2.10\json-schema-core-1.2.10.jar;C:\Users\Rishav Shrivastava\.m2\repository\com\github\java-json-tools\jackson-coreutils\1.9\jackson-coreutils-1.9.jar;C:\Users\Rishav Shrivastava\.m2\repository\com\fasterxml\jackson\core\jackson-databind\2.2.3\jackson-databind-2.2.3.jar;C:\Users\Rishav Shrivastava\.m2\repository\com\fasterxml\jackson\core\jackson-annotations\2.2.3\jackson-annotations-2.2.3.jar;C:\Users\Rishav Shrivastava\.m2\repository\com\fasterxml\jackson\core\jackson-core\2.2.3\jackson-core-2.2.3.jar;C:\Users\Rishav Shrivastava\.m2\repository\com\github\fge\msg-simple\1.1\msg-simple-1.1.jar;C:\Users\Rishav Shrivastava\.m2\repository\com\github\fge\btf\1.2\btf-1.2.jar;C:\Users\Rishav Shrivastava\.m2\repository\com\github\fge\uri-template\0.9\uri-template-0.9.jar;C:\Users\Rishav Shrivastava\.m2\repository\org\mozilla\rhino\1.7.7.1\rhino-1.7.7.1.jar;C:\Users\Rishav Shrivastava\.m2\repository\javax\mail\mailapi\1.4.3\mailapi-1.4.3.jar;C:\Users\Rishav Shrivastava\.m2\repository\joda-time\joda-time\2.9.7\joda-time-2.9.7.jar;C:\Users\Rishav Shrivastava\.m2\repository\com\googlecode\libphonenumber\libphonenumber\8.0.0\libphonenumber-8.0.0.jar;C:\Users\Rishav Shrivastava\.m2\repository\com\google\code\findbugs\jsr305\3.0.1\jsr305-3.0.1.jar;C:\Users\Rishav Shrivastava\.m2\repository\net\sf\jopt-simple\jopt-simple\5.0.3\jopt-simple-5.0.3.jar;C:\Users\Rishav Shrivastava\.m2\repository\org\hamcrest\hamcrest\2.1\hamcrest-2.1.jar;C:\Users\Rishav Shrivastava\.m2\repository\com\google\code\gson\gson\2.8.6\gson-2.8.6.jar;C:\Users\Rishav Shrivastava\.m2\repository\com\aventstack\extentreports\4.1.1\extentreports-4.1.1.jar;C:\Users\Rishav Shrivastava\.m2\repository\org\freemarker\freemarker\2.3.29\freemarker-2.3.29.jar;C:\Users\Rishav Shrivastava\.m2\repository\org\mongodb\mongodb-driver\3.12.0\mongodb-driver-3.12.0.jar;C:\Users\Rishav Shrivastava\.m2\repository\org\mongodb\mongodb-driver-core\3.12.0\mongodb-driver-core-3.12.0.jar;C:\Users\Rishav Shrivastava\.m2\repository\org\mongodb\bson\3.12.0\bson-3.12.0.jar;C:\Users\Rishav Shrivastava\.m2\repository\com\relevantcodes\extentreports\2.41.2\extentreports-2.41.2.jar;C:\Users\Rishav Shrivastava\.m2\repository\org\jsoup\jsoup\1.8.3\jsoup-1.8.3.jar;C:\Users\Rishav Shrivastava\.m2\repository\org\xerial\sqlite-jdbc\3.8.11.1\sqlite-jdbc-3.8.11.1.jar;C:\Users\Rishav Shrivastava\.m2\repository\org\json\json\20190722\json-20190722.jar;C:\Users\Rishav Shrivastava\.m2\repository\commons-io\commons-io\1.3.2\commons-io-1.3.2.jar;"/>
    <property name="java.vm.vendor" value="Oracle Corporation"/>
    <property name="sun.arch.data.model" value="64"/>
    <property name="user.variant" value=""/>
    <property name="java.vendor.url" value="http://java.oracle.com/"/>
    <property name="user.timezone" value="Asia/Calcutta"/>
    <property name="java.vm.specification.version" value="1.8"/>
    <property name="os.name" value="Windows 10"/>
    <property name="user.country" value="IN"/>
    <property name="sun.java.launcher" value="SUN_STANDARD"/>
    <property name="sun.boot.library.path" value="C:\Program Files\Java\jdk1.8.0_231\jre\bin"/>
    <property name="sun.java.command" value="C:\Users\Rishav Shrivastava\AppData\Local\Temp\surefire4654141403100527851\surefirebooter1055613633236935670.jar C:\Users\Rishav Shrivastava\AppData\Local\Temp\surefire4654141403100527851 2020-06-13T23-20-15_320-jvmRun1 surefire2109330204498466108tmp surefire_05501617791639474047tmp"/>
    <property name="surefire.test.class.path" value="D:\Eclipse Projects\Automation\JiraAPI\target\test-classes;D:\Eclipse Projects\Automation\JiraAPI\target\classes;C:\Users\Rishav Shrivastava\.m2\repository\org\hamcrest\hamcrest-all\1.3\hamcrest-all-1.3.jar;C:\Users\Rishav Shrivastava\.m2\repository\org\mockito\mockito-all\1.9.5\mockito-all-1.9.5.jar;C:\Users\Rishav Shrivastava\.m2\repository\junit\junit\4.11\junit-4.11.jar;C:\Users\Rishav Shrivastava\.m2\repository\org\hamcrest\hamcrest-core\1.3\hamcrest-core-1.3.jar;C:\Users\Rishav Shrivastava\.m2\repository\com\googlecode\json-simple\json-simple\1.1.1\json-simple-1.1.1.jar;C:\Users\Rishav Shrivastava\.m2\repository\org\testng\testng\7.1.0\testng-7.1.0.jar;C:\Users\Rishav Shrivastava\.m2\repository\com\beust\jcommander\1.72\jcommander-1.72.jar;C:\Users\Rishav Shrivastava\.m2\repository\com\google\inject\guice\4.1.0\guice-4.1.0-no_aop.jar;C:\Users\Rishav Shrivastava\.m2\repository\javax\inject\javax.inject\1\javax.inject-1.jar;C:\Users\Rishav Shrivastava\.m2\repository\aopalliance\aopalliance\1.0\aopalliance-1.0.jar;C:\Users\Rishav Shrivastava\.m2\repository\com\google\guava\guava\19.0\guava-19.0.jar;C:\Users\Rishav Shrivastava\.m2\repository\org\yaml\snakeyaml\1.21\snakeyaml-1.21.jar;C:\Users\Rishav Shrivastava\.m2\repository\io\rest-assured\rest-assured\3.3.0\rest-assured-3.3.0.jar;C:\Users\Rishav Shrivastava\.m2\repository\org\codehaus\groovy\groovy\2.4.15\groovy-2.4.15.jar;C:\Users\Rishav Shrivastava\.m2\repository\org\codehaus\groovy\groovy-xml\2.4.15\groovy-xml-2.4.15.jar;C:\Users\Rishav Shrivastava\.m2\repository\org\apache\httpcomponents\httpclient\4.5.3\httpclient-4.5.3.jar;C:\Users\Rishav Shrivastava\.m2\repository\org\apache\httpcomponents\httpcore\4.4.6\httpcore-4.4.6.jar;C:\Users\Rishav Shrivastava\.m2\repository\commons-logging\commons-logging\1.2\commons-logging-1.2.jar;C:\Users\Rishav Shrivastava\.m2\repository\commons-codec\commons-codec\1.9\commons-codec-1.9.jar;C:\Users\Rishav Shrivastava\.m2\repository\org\apache\httpcomponents\httpmime\4.5.3\httpmime-4.5.3.jar;C:\Users\Rishav Shrivastava\.m2\repository\org\hamcrest\hamcrest-library\1.3\hamcrest-library-1.3.jar;C:\Users\Rishav Shrivastava\.m2\repository\org\ccil\cowan\tagsoup\tagsoup\1.2.1\tagsoup-1.2.1.jar;C:\Users\Rishav Shrivastava\.m2\repository\io\rest-assured\xml-path\3.3.0\xml-path-3.3.0.jar;C:\Users\Rishav Shrivastava\.m2\repository\org\apache\commons\commons-lang3\3.4\commons-lang3-3.4.jar;C:\Users\Rishav Shrivastava\.m2\repository\javax\xml\bind\jaxb-api\2.2.12\jaxb-api-2.2.12.jar;C:\Users\Rishav Shrivastava\.m2\repository\com\sun\xml\bind\jaxb-osgi\2.2.10\jaxb-osgi-2.2.10.jar;C:\Users\Rishav Shrivastava\.m2\repository\org\apache\sling\org.apache.sling.javax.activation\0.1.0\org.apache.sling.javax.activation-0.1.0.jar;C:\Users\Rishav Shrivastava\.m2\repository\javax\activation\activation\1.1.1\activation-1.1.1.jar;C:\Users\Rishav Shrivastava\.m2\repository\io\rest-assured\json-path\4.1.0\json-path-4.1.0.jar;C:\Users\Rishav Shrivastava\.m2\repository\org\codehaus\groovy\groovy-json\2.5.6\groovy-json-2.5.6.jar;C:\Users\Rishav Shrivastava\.m2\repository\io\rest-assured\rest-assured-common\4.1.0\rest-assured-common-4.1.0.jar;C:\Users\Rishav Shrivastava\.m2\repository\io\rest-assured\json-schema-validator\4.2.0\json-schema-validator-4.2.0.jar;C:\Users\Rishav Shrivastava\.m2\repository\com\github\java-json-tools\json-schema-validator\2.2.10\json-schema-validator-2.2.10.jar;C:\Users\Rishav Shrivastava\.m2\repository\com\github\java-json-tools\json-schema-core\1.2.10\json-schema-core-1.2.10.jar;C:\Users\Rishav Shrivastava\.m2\repository\com\github\java-json-tools\jackson-coreutils\1.9\jackson-coreutils-1.9.jar;C:\Users\Rishav Shrivastava\.m2\repository\com\fasterxml\jackson\core\jackson-databind\2.2.3\jackson-databind-2.2.3.jar;C:\Users\Rishav Shrivastava\.m2\repository\com\fasterxml\jackson\core\jackson-annotations\2.2.3\jackson-annotations-2.2.3.jar;C:\Users\Rishav Shrivastava\.m2\repository\com\fasterxml\jackson\core\jackson-core\2.2.3\jackson-core-2.2.3.jar;C:\Users\Rishav Shrivastava\.m2\repository\com\github\fge\msg-simple\1.1\msg-simple-1.1.jar;C:\Users\Rishav Shrivastava\.m2\repository\com\github\fge\btf\1.2\btf-1.2.jar;C:\Users\Rishav Shrivastava\.m2\repository\com\github\fge\uri-template\0.9\uri-template-0.9.jar;C:\Users\Rishav Shrivastava\.m2\repository\org\mozilla\rhino\1.7.7.1\rhino-1.7.7.1.jar;C:\Users\Rishav Shrivastava\.m2\repository\javax\mail\mailapi\1.4.3\mailapi-1.4.3.jar;C:\Users\Rishav Shrivastava\.m2\repository\joda-time\joda-time\2.9.7\joda-time-2.9.7.jar;C:\Users\Rishav Shrivastava\.m2\repository\com\googlecode\libphonenumber\libphonenumber\8.0.0\libphonenumber-8.0.0.jar;C:\Users\Rishav Shrivastava\.m2\repository\com\google\code\findbugs\jsr305\3.0.1\jsr305-3.0.1.jar;C:\Users\Rishav Shrivastava\.m2\repository\net\sf\jopt-simple\jopt-simple\5.0.3\jopt-simple-5.0.3.jar;C:\Users\Rishav Shrivastava\.m2\repository\org\hamcrest\hamcrest\2.1\hamcrest-2.1.jar;C:\Users\Rishav Shrivastava\.m2\repository\com\google\code\gson\gson\2.8.6\gson-2.8.6.jar;C:\Users\Rishav Shrivastava\.m2\repository\com\aventstack\extentreports\4.1.1\extentreports-4.1.1.jar;C:\Users\Rishav Shrivastava\.m2\repository\org\freemarker\freemarker\2.3.29\freemarker-2.3.29.jar;C:\Users\Rishav Shrivastava\.m2\repository\org\mongodb\mongodb-driver\3.12.0\mongodb-driver-3.12.0.jar;C:\Users\Rishav Shrivastava\.m2\repository\org\mongodb\mongodb-driver-core\3.12.0\mongodb-driver-core-3.12.0.jar;C:\Users\Rishav Shrivastava\.m2\repository\org\mongodb\bson\3.12.0\bson-3.12.0.jar;C:\Users\Rishav Shrivastava\.m2\repository\com\relevantcodes\extentreports\2.41.2\extentreports-2.41.2.jar;C:\Users\Rishav Shrivastava\.m2\repository\org\jsoup\jsoup\1.8.3\jsoup-1.8.3.jar;C:\Users\Rishav Shrivastava\.m2\repository\org\xerial\sqlite-jdbc\3.8.11.1\sqlite-jdbc-3.8.11.1.jar;C:\Users\Rishav Shrivastava\.m2\repository\org\json\json\20190722\json-20190722.jar;C:\Users\Rishav Shrivastava\.m2\repository\commons-io\commons-io\1.3.2\commons-io-1.3.2.jar;"/>
    <property name="sun.cpu.endian" value="little"/>
    <property name="user.home" value="C:\Users\Rishav Shrivastava"/>
    <property name="user.language" value="en"/>
    <property name="java.specification.vendor" value="Oracle Corporation"/>
    <property name="java.home" value="C:\Program Files\Java\jdk1.8.0_231\jre"/>
    <property name="basedir" value="D:\Eclipse Projects\Automation\JiraAPI"/>
    <property name="file.separator" value="\"/>
    <property name="line.separator" value="&#10;"/>
    <property name="java.vm.specification.vendor" value="Oracle Corporation"/>
    <property name="java.specification.name" value="Java Platform API Specification"/>
    <property name="java.awt.graphicsenv" value="sun.awt.Win32GraphicsEnvironment"/>
    <property name="surefire.real.class.path" value="C:\Users\Rishav Shrivastava\AppData\Local\Temp\surefire4654141403100527851\surefirebooter1055613633236935670.jar"/>
    <property name="sun.boot.class.path" value="C:\Program Files\Java\jdk1.8.0_231\jre\lib\resources.jar;C:\Program Files\Java\jdk1.8.0_231\jre\lib\rt.jar;C:\Program Files\Java\jdk1.8.0_231\jre\lib\sunrsasign.jar;C:\Program Files\Java\jdk1.8.0_231\jre\lib\jsse.jar;C:\Program Files\Java\jdk1.8.0_231\jre\lib\jce.jar;C:\Program Files\Java\jdk1.8.0_231\jre\lib\charsets.jar;C:\Program Files\Java\jdk1.8.0_231\jre\lib\jfr.jar;C:\Program Files\Java\jdk1.8.0_231\jre\classes"/>
    <property name="user.script" value=""/>
    <property name="sun.management.compiler" value="HotSpot 64-Bit Tiered Compilers"/>
    <property name="java.runtime.version" value="1.8.0_231-b11"/>
    <property name="user.name" value="Rishav Shrivastava"/>
    <property name="path.separator" value=";"/>
    <property name="os.version" value="10.0"/>
    <property name="java.endorsed.dirs" value="C:\Program Files\Java\jdk1.8.0_231\jre\lib\endorsed"/>
    <property name="java.runtime.name" value="Java(TM) SE Runtime Environment"/>
    <property name="file.encoding" value="Cp1252"/>
    <property name="java.vm.name" value="Java HotSpot(TM) 64-Bit Server VM"/>
    <property name="localRepository" value="C:\Users\Rishav Shrivastava\.m2\repository"/>
    <property name="java.vendor.url.bug" value="http://bugreport.sun.com/bugreport/"/>
    <property name="java.io.tmpdir" value="C:\Users\RISHAV~1\AppData\Local\Temp\"/>
    <property name="java.version" value="1.8.0_231"/>
    <property name="user.dir" value="D:\Eclipse Projects\Automation\JiraAPI"/>
    <property name="os.arch" value="amd64"/>
    <property name="java.vm.specification.name" value="Java Virtual Machine Specification"/>
    <property name="java.awt.printerjob" value="sun.awt.windows.WPrinterJob"/>
    <property name="sun.os.patch.level" value=""/>
    <property name="java.library.path" value="C:\Program Files\Java\jdk1.8.0_231\jre\bin;C:\Windows\Sun\Java\bin;C:\Windows\system32;C:\Windows;C:/Program Files/Java/jre1.8.0_231/bin/server;C:/Program Files/Java/jre1.8.0_231/bin;C:/Program Files/Java/jre1.8.0_231/lib/amd64;C:\Program Files (x86)\Common Files\Oracle\Java\javapath;C:\Windows\system32;C:\Windows;C:\Windows\System32\Wbem;C:\Windows\System32\WindowsPowerShell\v1.0\;C:\Windows\System32\OpenSSH\;C:\Program Files (x86)\NVIDIA Corporation\PhysX\Common;C:\Program Files\NVIDIA Corporation\NVIDIA NvDLISR;C:\Program Files\Java\jdk1.8.0_231\bin;C:\ProgramData\chocolatey\bin;D:\Allure\allure-2.13.0\bin;C:\Users\Rishav Shrivastava\AppData\Local\Android\Sdk\platform-tools;C:\Users\Rishav Shrivastava\AppData\Local\Android\Sdk\tools;C:\Users\Rishav Shrivastava\AppData\Local\Android\Sdk\build-tools;D:\Maven\apache-maven-3.6.3-bin\apache-maven-3.6.3\bin;C:\Users\Rishav Shrivastava\AppData\Local\Programs\Python\Python38-32\Scripts\;C:\Users\Rishav Shrivastava\AppData\Local\Programs\Python\Python38-32\;C:\Users\Rishav Shrivastava\AppData\Local\Microsoft\WindowsApps;;C:\Users\Rishav Shrivastava\Desktop;;."/>
    <property name="java.vm.info" value="mixed mode"/>
    <property name="java.vendor" value="Oracle Corporation"/>
    <property name="java.vm.version" value="25.231-b11"/>
    <property name="java.ext.dirs" value="C:\Program Files\Java\jdk1.8.0_231\jre\lib\ext;C:\Windows\Sun\Java\lib\ext"/>
    <property name="sun.io.unicode.encoding" value="UnicodeLittle"/>
    <property name="java.class.version" value="52.0"/>
  </properties>
  <testcase name="createIssue" classname="jira.TestJira" time="1.265">
    <failure message="1 expectation failed.&#10;Expected status code &lt;201&gt; but was &lt;400&gt;.&#10;" type="java.lang.AssertionError"><![CDATA[java.lang.AssertionError: 
1 expectation failed.
Expected status code <201> but was <400>.

	at jira.TestJira.createIssue(TestJira.java:12)
]]></failure>
    <system-out><![CDATA[HTTP/1.1 400 
X-AREQUESTID: 1400x4634x1
X-XSS-Protection: 1; mode=block
X-Content-Type-Options: nosniff
X-Frame-Options: SAMEORIGIN
Content-Security-Policy: frame-ancestors 'self'
X-ASEN: SEN-L15558808
Set-Cookie: atlassian.xsrf.token=B8ZJ-CQZI-S1S2-YIXV_05c8eda8fcbdabeee5ec11420d49ded9a8e763dc_lout; Path=/
X-AUSERNAME: anonymous
Cache-Control: no-cache, no-store, no-transform
Content-Encoding: gzip
Vary: User-Agent
Content-Type: application/json;charset=UTF-8
Transfer-Encoding: chunked
Date: Sat, 13 Jun 2020 17:50:17 GMT
Connection: close

{
    "errorMessages": [
        
    ],
    "errors": {
        "summary": "Field 'summary' cannot be set. It is not on the appropriate screen, or unknown."
    }
}
]]></system-out>
  </testcase>
  <testcase name="deleteIssue" classname="jira.TestJira" time="0.001"/>
</testsuite>