<?xml version="1.0" encoding="UTF-8"?>
<!-- Generated by org.testng.reporters.JUnitReportReporter -->
<testsuite skipped="0" hostname="LAPTOP-1JH6HGN5" name="jira.CreateIssue" tests="1" failures="0" timestamp="2020-06-13T09:30:20 IST" time="1.915" errors="0">
  <testcase name="createNewIssue" time="1.915" classname="jira.CreateIssue"/>
  <system-out/>
</testsuite> <!-- jira.CreateIssue -->
