<?xml version="1.0" encoding="UTF-8"?>
<!-- Generated by org.testng.reporters.JUnitReportReporter -->
<testsuite skipped="0" hostname="LAPTOP-1JH6HGN5" name="jira.TestJira" tests="2" failures="0" timestamp="2020-06-14T15:36:04 IST" time="1.073" errors="0">
  <testcase name="createAndDeleteIssue" time="0.254" classname="jira.TestJira"/>
  <system-out/>
  <testcase name="endToEndFlow" time="0.819" classname="jira.TestJira"/>
  <system-out/>
</testsuite> <!-- jira.TestJira -->
