<?xml version="1.0" encoding="UTF-8"?>
<!-- Generated by org.testng.reporters.JUnitReportReporter -->
<testsuite skipped="0" hostname="LAPTOP-1JH6HGN5" name="jira.TestJira" tests="2" failures="0" timestamp="2020-06-14T09:16:16 IST" time="0.470" errors="0">
  <testcase name="createIssue" time="0.430" classname="jira.TestJira"/>
  <system-out/>
  <testcase name="deleteIssue" time="0.040" classname="jira.TestJira"/>
  <system-out/>
</testsuite> <!-- jira.TestJira -->
